<?xml version="1.0" encoding="UTF-8"?>
<!-- Generated by org.testng.reporters.JUnitReportReporter -->
<testsuite hostname="DESKTOP-EPPDT07" failures="0" tests="3" name="BlazeDemoApp" time="9.684" errors="0" timestamp="2024-03-15T02:48:56 IST" skipped="0">
  <testcase classname="BlazeDemoApp" name="verifyHomePageTitle" time="4.449"/>
  <system-out/>
  <testcase classname="BlazeDemoApp" name="navigateToDestinationOfTheWeek" time="2.073"/>
  <system-out/>
  <testcase classname="BlazeDemoApp" name="purchaseTicket" time="3.162"/>
  <system-out/>
</testsuite> <!-- BlazeDemoApp -->
